** TwitterAuth initialized properly.
** TwitterAuth initialized properly.
** TwitterAuth initialized properly.
  [4;36;1mSQL (0.2ms)[0m   [0;1m SELECT name
 FROM sqlite_master
 WHERE type = 'table' AND NOT name = 'sqlite_sequence'
[0m
  [4;35;1mSQL (0.1ms)[0m   [0mselect sqlite_version(*)[0m
  [4;36;1mSQL (1.5ms)[0m   [0;1mCREATE TABLE "schema_migrations" ("version" varchar(255) NOT NULL) [0m
  [4;35;1mSQL (0.1ms)[0m   [0mPRAGMA index_list("schema_migrations")[0m
  [4;36;1mSQL (1.1ms)[0m   [0;1mCREATE UNIQUE INDEX "unique_schema_migrations" ON "schema_migrations" ("version")[0m
  [4;35;1mSQL (0.2ms)[0m   [0m SELECT name
 FROM sqlite_master
 WHERE type = 'table' AND NOT name = 'sqlite_sequence'
[0m
  [4;36;1mSQL (0.1ms)[0m   [0;1mSELECT version FROM schema_migrations[0m
Migrating to TwitterAuthMigration (20100622164852)
  [4;35;1mSQL (0.6ms)[0m   [0mCREATE TABLE "users" ("id" INTEGER PRIMARY KEY AUTOINCREMENT NOT NULL, "twitter_id" varchar(255), "login" varchar(255), "access_token" varchar(255), "access_secret" varchar(255), "remember_token" varchar(255), "remember_token_expires_at" datetime, "name" varchar(255), "location" varchar(255), "description" varchar(255), "profile_image_url" varchar(255), "url" varchar(255), "protected" boolean, "profile_background_color" varchar(255), "profile_sidebar_fill_color" varchar(255), "profile_link_color" varchar(255), "profile_sidebar_border_color" varchar(255), "profile_text_color" varchar(255), "profile_background_image_url" varchar(255), "profile_background_tile" boolean, "friends_count" integer, "statuses_count" integer, "followers_count" integer, "favourites_count" integer, "utc_offset" integer, "time_zone" varchar(255), "created_at" datetime, "updated_at" datetime) [0m
  [4;36;1mSQL (0.1ms)[0m   [0;1mINSERT INTO schema_migrations (version) VALUES ('20100622164852')[0m
  [4;35;1mSQL (0.3ms)[0m   [0m SELECT name
 FROM sqlite_master
 WHERE type = 'table' AND NOT name = 'sqlite_sequence'
[0m
  [4;36;1mSQL (0.1ms)[0m   [0;1mSELECT version FROM schema_migrations[0m
  [4;35;1mSQL (0.1ms)[0m   [0m SELECT name
 FROM sqlite_master
 WHERE type = 'table' AND NOT name = 'sqlite_sequence'
[0m
  [4;36;1mSQL (0.1ms)[0m   [0;1mPRAGMA index_list("users")[0m
** TwitterAuth initialized properly.
** TwitterAuth initialized properly.
** TwitterAuth initialized properly.
  [4;36;1mSQL (0.4ms)[0m   [0;1m SELECT name
 FROM sqlite_master
 WHERE type = 'table' AND NOT name = 'sqlite_sequence'
[0m
  [4;35;1mSQL (0.1ms)[0m   [0mSELECT version FROM schema_migrations[0m
Migrating to TwitterAuthMigration (20100622164852)
Migrating to CreateMessages (20100622164941)
  [4;36;1mSQL (0.1ms)[0m   [0;1mselect sqlite_version(*)[0m
  [4;35;1mSQL (0.5ms)[0m   [0mCREATE TABLE "messages" ("id" INTEGER PRIMARY KEY AUTOINCREMENT NOT NULL, "body" varchar(255) NOT NULL, "tweet_id" integer, "created_at" datetime, "updated_at" datetime) [0m
  [4;36;1mSQL (0.1ms)[0m   [0;1mINSERT INTO schema_migrations (version) VALUES ('20100622164941')[0m
  [4;35;1mSQL (0.3ms)[0m   [0m SELECT name
 FROM sqlite_master
 WHERE type = 'table' AND NOT name = 'sqlite_sequence'
[0m
  [4;36;1mSQL (0.1ms)[0m   [0;1mSELECT version FROM schema_migrations[0m
  [4;35;1mSQL (0.2ms)[0m   [0m SELECT name
 FROM sqlite_master
 WHERE type = 'table' AND NOT name = 'sqlite_sequence'
[0m
  [4;36;1mSQL (0.0ms)[0m   [0;1mPRAGMA index_list("messages")[0m
  [4;35;1mSQL (0.1ms)[0m   [0mPRAGMA index_list("users")[0m
** TwitterAuth initialized properly.


Processing MessagesController#index (for 127.0.0.1 at 2010-06-23 01:58:14) [GET]
Rendering template within layouts/application
Rendering messages/index
Completed in 12ms (View: 11, DB: 0) | 200 OK [http://localhost/messages]


Processing MessagesController#index (for 127.0.0.1 at 2010-06-23 01:59:55) [GET]
Rendering template within layouts/application
Rendering messages/index

ActionView::TemplateError (undefined method `show_title?' for #<ActionView::Base:0x1038aea18>) on line #19 of app/views/layouts/application.html.haml:
16:         
17:       #main
18:         #content-section
19:           - if show_title?
20:             %h2
21:               = yield(:title)
22:           - flash.each do |name, msg|

    app/views/layouts/application.html.haml:19:in `_run_haml_app47views47layouts47application46html46haml'
    haml (3.0.11) rails/./lib/haml/helpers/action_view_mods.rb:13:in `render'
    haml (3.0.11) rails/./lib/haml/helpers/action_view_mods.rb:13:in `render'
    haml (3.0.11) rails/./lib/sass/plugin/rack.rb:41:in `call'

Rendered rescues/_trace (42.2ms)
Rendered rescues/_request_and_response (1.1ms)
Rendering rescues/layout (internal_server_error)


Processing MessagesController#index (for 127.0.0.1 at 2010-06-23 02:00:37) [GET]
Rendering template within layouts/application
Rendering messages/index
Completed in 10ms (View: 8, DB: 0) | 200 OK [http://localhost/messages]


Processing ApplicationController#index (for 127.0.0.1 at 2010-06-23 02:00:37) [GET]

ActionController::RoutingError (No route matches "/stylesheets/manage/manage.css" with {:method=>:get}):
  haml (3.0.11) rails/./lib/sass/plugin/rack.rb:41:in `call'

Rendering rescues/layout (not_found)


Processing MessagesController#index (for 127.0.0.1 at 2010-06-23 02:01:25) [GET]
Rendering template within layouts/application
Rendering messages/index
Completed in 7ms (View: 2, DB: 0) | 200 OK [http://localhost/messages]


Processing ApplicationController#index (for 127.0.0.1 at 2010-06-23 02:01:25) [GET]

ActionController::RoutingError (No route matches "/stylesheets/manage/manage.css" with {:method=>:get}):
  haml (3.0.11) rails/./lib/sass/plugin/rack.rb:41:in `call'

Rendering rescues/layout (not_found)


Processing MessagesController#index (for 127.0.0.1 at 2010-06-23 02:02:00) [GET]
Rendering template within layouts/application
Rendering messages/index
Completed in 6ms (View: 2, DB: 0) | 200 OK [http://localhost/messages]


Processing ApplicationController#index (for 127.0.0.1 at 2010-06-23 02:02:00) [GET]

ActionController::RoutingError (No route matches "/stylesheets/manage/manage.css" with {:method=>:get}):
  haml (3.0.11) rails/./lib/sass/plugin/rack.rb:41:in `call'

Rendering rescues/layout (not_found)


Processing MessagesController#index (for 127.0.0.1 at 2010-06-23 02:02:50) [GET]
Rendering template within layouts/application
Rendering messages/index
Completed in 12ms (View: 8, DB: 0) | 200 OK [http://localhost/messages]


Processing ApplicationController#index (for 127.0.0.1 at 2010-06-23 02:02:50) [GET]

ActionController::RoutingError (No route matches "/stylesheets/manage/manage.css" with {:method=>:get}):
  haml (3.0.11) rails/./lib/sass/plugin/rack.rb:41:in `call'

Rendering rescues/layout (not_found)


Processing MessagesController#index (for 127.0.0.1 at 2010-06-23 02:03:06) [GET]
Rendering template within layouts/application
Rendering messages/index
Completed in 12ms (View: 8, DB: 0) | 200 OK [http://localhost/messages]


Processing ApplicationController#index (for 127.0.0.1 at 2010-06-23 02:03:06) [GET]

ActionController::RoutingError (No route matches "/stylesheets/manage/manage.css" with {:method=>:get}):
  haml (3.0.11) rails/./lib/sass/plugin/rack.rb:41:in `call'

Rendering rescues/layout (not_found)


Processing MessagesController#index (for 127.0.0.1 at 2010-06-23 02:03:32) [GET]
Rendering template within layouts/application
Rendering messages/index
Completed in 95ms (View: 91, DB: 0) | 200 OK [http://localhost/messages]


Processing ApplicationController#index (for 127.0.0.1 at 2010-06-23 02:03:32) [GET]

ActionController::RoutingError (No route matches "/stylesheets/manage/manage.css" with {:method=>:get}):
  haml (3.0.11) rails/./lib/sass/plugin/rack.rb:41:in `call'

Rendering rescues/layout (not_found)


Processing MessagesController#index (for 127.0.0.1 at 2010-06-23 02:04:22) [GET]
Rendering template within layouts/application
Rendering messages/index
Completed in 14ms (View: 10, DB: 0) | 200 OK [http://localhost/messages]


Processing ApplicationController#index (for 127.0.0.1 at 2010-06-23 02:04:22) [GET]

ActionController::RoutingError (No route matches "/stylesheets/manage/manage.css" with {:method=>:get}):
  haml (3.0.11) rails/./lib/sass/plugin/rack.rb:41:in `call'

Rendering rescues/layout (not_found)


Processing MessagesController#index (for 127.0.0.1 at 2010-06-23 02:04:41) [GET]
Rendering template within layouts/application
Rendering messages/index
Completed in 15ms (View: 10, DB: 0) | 200 OK [http://localhost/messages]


Processing ApplicationController#index (for 127.0.0.1 at 2010-06-23 02:04:41) [GET]

ActionController::RoutingError (No route matches "/stylesheets/manage/manage.css" with {:method=>:get}):
  haml (3.0.11) rails/./lib/sass/plugin/rack.rb:41:in `call'

Rendering rescues/layout (not_found)


Processing MessagesController#index (for 127.0.0.1 at 2010-06-23 02:06:33) [GET]
Rendering template within layouts/application
Rendering messages/index
Completed in 15ms (View: 11, DB: 0) | 200 OK [http://localhost/messages]


Processing ApplicationController#index (for 127.0.0.1 at 2010-06-23 02:06:33) [GET]

ActionController::RoutingError (No route matches "/stylesheets/manage/manage.css" with {:method=>:get}):
  haml (3.0.11) rails/./lib/sass/plugin/rack.rb:41:in `call'

Rendering rescues/layout (not_found)


Processing MessagesController#create (for 127.0.0.1 at 2010-06-23 02:06:57) [POST]
  Parameters: {"commit"=>"ç©´ã«ã¤ã¶ã‚„ã", "authenticity_token"=>"sS7kZUKCrrB41yXEOVcPFbliW7HGq6oCEVLI+o03az4=", "message"=>{"body"=>""}}

ActionView::MissingTemplate (Missing template messages/create.erb in view path app/views:vendor/plugins/twitter-auth/app/views):
  haml (3.0.11) rails/./lib/sass/plugin/rack.rb:41:in `call'

Rendering rescues/layout (internal_server_error)
** TwitterAuth initialized properly.
** TwitterAuth initialized properly.


Processing MessagesController#index (for 127.0.0.1 at 2010-06-23 02:11:14) [GET]
  [4;36;1mSQL (0.6ms)[0m   [0;1m SELECT name
 FROM sqlite_master
 WHERE type = 'table' AND NOT name = 'sqlite_sequence'
[0m
  [4;35;1mSQL (0.3ms)[0m   [0m SELECT name
 FROM sqlite_master
 WHERE type = 'table' AND NOT name = 'sqlite_sequence'
[0m

NoMethodError (undefined method `validates_presense_of' for #<Class:0x102f39ca8>):
  app/models/message.rb:2
  app/controllers/messages_controller.rb:4:in `index'
  haml (3.0.11) rails/./lib/sass/plugin/rack.rb:41:in `call'

Rendered rescues/_trace (34.8ms)
Rendered rescues/_request_and_response (1.1ms)
Rendering rescues/layout (internal_server_error)


Processing MessagesController#index (for 127.0.0.1 at 2010-06-23 02:12:47) [GET]
Rendering template within layouts/application
Rendering messages/index
Completed in 105ms (View: 101, DB: 0) | 200 OK [http://localhost/]


Processing ApplicationController#index (for 127.0.0.1 at 2010-06-23 02:12:47) [GET]

ActionController::RoutingError (No route matches "/stylesheets/manage/manage.css" with {:method=>:get}):
  haml (3.0.11) rails/./lib/sass/plugin/rack.rb:41:in `call'

Rendering rescues/layout (not_found)


Processing MessagesController#create (for 127.0.0.1 at 2010-06-23 02:12:51) [POST]
  Parameters: {"commit"=>"ç©´ã«ã¤ã¶ã‚„ã", "authenticity_token"=>"sS7kZUKCrrB41yXEOVcPFbliW7HGq6oCEVLI+o03az4=", "message"=>{"body"=>"ã‚ã‚"}}
  [4;36;1mMessage Create (0.4ms)[0m   [0;1mINSERT INTO "messages" ("tweet_id", "created_at", "body", "updated_at") VALUES(NULL, '2010-06-22 17:12:51', 'ã‚ã‚', '2010-06-22 17:12:51')[0m
Redirected to http://localhost:3000/
Completed in 9ms (DB: 0) | 302 Found [http://localhost/messages]


Processing MessagesController#index (for 127.0.0.1 at 2010-06-23 02:12:51) [GET]
Rendering template within layouts/application
Rendering messages/index
Completed in 11ms (View: 6, DB: 0) | 200 OK [http://localhost/]


Processing ApplicationController#index (for 127.0.0.1 at 2010-06-23 02:12:51) [GET]

ActionController::RoutingError (No route matches "/stylesheets/manage/manage.css" with {:method=>:get}):
  haml (3.0.11) rails/./lib/sass/plugin/rack.rb:41:in `call'

Rendering rescues/layout (not_found)


Processing MessagesController#index (for 127.0.0.1 at 2010-06-23 02:13:29) [GET]
  [4;35;1mMessage Load (0.2ms)[0m   [0mSELECT * FROM "messages" ORDER BY created_at DESC[0m
Rendering template within layouts/application
Rendering messages/index
Completed in 11ms (View: 6, DB: 0) | 200 OK [http://localhost/]


Processing ApplicationController#index (for 127.0.0.1 at 2010-06-23 02:13:29) [GET]

ActionController::RoutingError (No route matches "/stylesheets/manage/manage.css" with {:method=>:get}):
  haml (3.0.11) rails/./lib/sass/plugin/rack.rb:41:in `call'

Rendering rescues/layout (not_found)


Processing MessagesController#index (for 127.0.0.1 at 2010-06-23 02:13:32) [GET]
  [4;36;1mMessage Load (0.2ms)[0m   [0;1mSELECT * FROM "messages" ORDER BY created_at DESC[0m
Rendering template within layouts/application
Rendering messages/index
Completed in 12ms (View: 6, DB: 0) | 200 OK [http://localhost/]


Processing ApplicationController#index (for 127.0.0.1 at 2010-06-23 02:13:32) [GET]

ActionController::RoutingError (No route matches "/stylesheets/manage/manage.css" with {:method=>:get}):
  haml (3.0.11) rails/./lib/sass/plugin/rack.rb:41:in `call'

Rendering rescues/layout (not_found)


Processing MessagesController#index (for 127.0.0.1 at 2010-06-23 02:14:33) [GET]
  [4;35;1mMessage Load (0.2ms)[0m   [0mSELECT * FROM "messages" ORDER BY created_at DESC[0m
Rendering template within layouts/application
Rendering messages/index
Completed in 110ms (View: 104, DB: 0) | 200 OK [http://localhost/]


Processing ApplicationController#index (for 127.0.0.1 at 2010-06-23 02:14:33) [GET]

ActionController::RoutingError (No route matches "/stylesheets/manage/manage.css" with {:method=>:get}):
  haml (3.0.11) rails/./lib/sass/plugin/rack.rb:41:in `call'

Rendering rescues/layout (not_found)


Processing MessagesController#index (for 127.0.0.1 at 2010-06-23 02:15:03) [GET]
  [4;36;1mMessage Load (0.2ms)[0m   [0;1mSELECT * FROM "messages" ORDER BY created_at DESC[0m
Rendering template within layouts/application
Rendering messages/index
Completed in 15ms (View: 11, DB: 0) | 200 OK [http://localhost/]


Processing ApplicationController#index (for 127.0.0.1 at 2010-06-23 02:15:03) [GET]

ActionController::RoutingError (No route matches "/stylesheets/manage/manage.css" with {:method=>:get}):
  haml (3.0.11) rails/./lib/sass/plugin/rack.rb:41:in `call'

Rendering rescues/layout (not_found)


Processing MessagesController#index (for 127.0.0.1 at 2010-06-23 02:15:20) [GET]
  [4;35;1mMessage Load (0.2ms)[0m   [0mSELECT * FROM "messages" ORDER BY created_at DESC[0m
Rendering template within layouts/application
Rendering messages/index
Completed in 17ms (View: 12, DB: 0) | 200 OK [http://localhost/]


Processing ApplicationController#index (for 127.0.0.1 at 2010-06-23 02:15:20) [GET]

ActionController::RoutingError (No route matches "/stylesheets/manage/manage.css" with {:method=>:get}):
  haml (3.0.11) rails/./lib/sass/plugin/rack.rb:41:in `call'

Rendering rescues/layout (not_found)


Processing MessagesController#index (for 127.0.0.1 at 2010-06-23 02:16:35) [GET]
  [4;36;1mMessage Load (0.5ms)[0m   [0;1mSELECT * FROM "messages" ORDER BY created_at DESC[0m
Rendering template within layouts/application
Rendering messages/index
Completed in 20ms (View: 14, DB: 1) | 200 OK [http://localhost/]


Processing ApplicationController#index (for 127.0.0.1 at 2010-06-23 02:16:36) [GET]

ActionController::RoutingError (No route matches "/stylesheets/manage/manage.css" with {:method=>:get}):
  haml (3.0.11) rails/./lib/sass/plugin/rack.rb:41:in `call'

Rendering rescues/layout (not_found)


Processing MessagesController#index (for 127.0.0.1 at 2010-06-23 02:17:28) [GET]
  [4;35;1mMessage Load (0.3ms)[0m   [0mSELECT * FROM "messages" ORDER BY created_at DESC[0m
Rendering template within layouts/application
Rendering messages/index
Completed in 106ms (View: 101, DB: 0) | 200 OK [http://localhost/]


Processing ApplicationController#index (for 127.0.0.1 at 2010-06-23 02:17:28) [GET]

ActionController::RoutingError (No route matches "/stylesheets/manage/manage.css" with {:method=>:get}):
  haml (3.0.11) rails/./lib/sass/plugin/rack.rb:41:in `call'

Rendering rescues/layout (not_found)


Processing MessagesController#index (for 127.0.0.1 at 2010-06-23 02:17:54) [GET]
  [4;36;1mMessage Load (0.2ms)[0m   [0;1mSELECT * FROM "messages" ORDER BY created_at DESC[0m
Rendering template within layouts/application
Rendering messages/index
Completed in 17ms (View: 12, DB: 0) | 200 OK [http://localhost/]


Processing ApplicationController#index (for 127.0.0.1 at 2010-06-23 02:17:55) [GET]

ActionController::RoutingError (No route matches "/stylesheets/manage/manage.css" with {:method=>:get}):
  haml (3.0.11) rails/./lib/sass/plugin/rack.rb:41:in `call'

Rendering rescues/layout (not_found)
